nohup: ignoring input
[I 2025-03-04 10:23:35.777 ServerApp] jupyterlab | extension was successfully linked.
[W 2025-03-04 10:23:35.781 NotebookApp] 'password' has moved from NotebookApp to ServerApp. This config will be passed to ServerApp. Be sure to update your config before our next release.
[I 2025-03-04 10:23:35.988 ServerApp] nbclassic | extension was successfully linked.
[I 2025-03-04 10:23:36.022 ServerApp] nbclassic | extension was successfully loaded.
[I 2025-03-04 10:23:36.023 LabApp] JupyterLab extension loaded from /home/lab05/.local/lib/python3.6/site-packages/jupyterlab
[I 2025-03-04 10:23:36.023 LabApp] JupyterLab application directory is /home/lab05/.local/share/jupyter/lab
[I 2025-03-04 10:23:36.026 ServerApp] jupyterlab | extension was successfully loaded.
[I 2025-03-04 10:23:36.026 ServerApp] Serving notebooks from local directory: /home/lab05/git/noise-data-platform
[I 2025-03-04 10:23:36.026 ServerApp] Jupyter Server 1.13.1 is running at:
[I 2025-03-04 10:23:36.026 ServerApp] http://ip-172-31-11-83:8905/lab
[I 2025-03-04 10:23:36.026 ServerApp]  or http://127.0.0.1:8905/lab
[I 2025-03-04 10:23:36.026 ServerApp] Use Control-C to stop this server and shut down all kernels (twice to skip confirmation).
[I 2025-03-04 10:26:00.806 ServerApp] Creating new notebook in /EB
[I 2025-03-04 10:26:02.861 ServerApp] Kernel started: 2bacb677-3f7a-42f2-b1fa-330601233dde
[IPKernelApp] ERROR | No such comm target registered: jupyter.widget.control
[IPKernelApp] WARNING | No such comm: 5a081a27-89dc-41fa-a42b-834d82b21fd3
[I 2025-03-04 10:26:04.716 ServerApp] Starting buffering for 2bacb677-3f7a-42f2-b1fa-330601233dde:e49de40fb86243df841568ae85ef6842
[I 2025-03-04 10:26:06.673 ServerApp] Creating new notebook in /EB
[I 2025-03-04 10:26:07.907 ServerApp] Kernel started: 87dd6799-61dc-4ec6-bcd7-846704b7677e
[I 2025-03-04 10:26:11.158 ServerApp] Starting buffering for 87dd6799-61dc-4ec6-bcd7-846704b7677e:14847b0ed3b64088a4d09d4931787e18
[I 2025-03-04 10:26:13.523 ServerApp] Creating new notebook in /EB
[I 2025-03-04 10:26:14.517 ServerApp] Kernel started: 7ac27eda-911f-485c-a2eb-3143c19cf187
[IPKernelApp] ERROR | No such comm target registered: jupyter.widget.control
[IPKernelApp] WARNING | No such comm: 8b384a9a-24e1-4b7b-a3b8-815818b79b6b
[I 2025-03-04 10:28:14.578 ServerApp] Saving file at /EB/etc_classfied.ipynb
[I 2025-03-04 10:30:14.569 ServerApp] Saving file at /EB/etc_classfied.ipynb
[I 2025-03-04 10:32:14.754 ServerApp] Saving file at /EB/etc_classfied.ipynb
[I 2025-03-04 10:34:14.572 ServerApp] Saving file at /EB/etc_classfied.ipynb
[I 2025-03-04 10:35:06.805 ServerApp] Starting buffering for 7ac27eda-911f-485c-a2eb-3143c19cf187:b33bc083c1b749a7a1905fe17e8b1224
[I 2025-03-04 10:35:07.338 ServerApp] Kernel restarted: 7ac27eda-911f-485c-a2eb-3143c19cf187
[I 2025-03-04 10:35:07.427 ServerApp] Restoring connection for 7ac27eda-911f-485c-a2eb-3143c19cf187:b33bc083c1b749a7a1905fe17e8b1224
[I 2025-03-04 10:35:07.841 ServerApp] Replaying 3 buffered messages
[I 2025-03-04 10:35:53.977 ServerApp] Starting buffering for 7ac27eda-911f-485c-a2eb-3143c19cf187:b33bc083c1b749a7a1905fe17e8b1224
[I 2025-03-04 10:35:54.537 ServerApp] Kernel restarted: 7ac27eda-911f-485c-a2eb-3143c19cf187
[I 2025-03-04 10:35:54.606 ServerApp] Restoring connection for 7ac27eda-911f-485c-a2eb-3143c19cf187:b33bc083c1b749a7a1905fe17e8b1224
[I 2025-03-04 10:35:55.006 ServerApp] Replaying 3 buffered messages
[I 2025-03-04 10:36:14.567 ServerApp] Saving file at /EB/etc_classfied.ipynb
[I 2025-03-04 10:38:14.558 ServerApp] Saving file at /EB/etc_classfied.ipynb
[I 2025-03-04 10:39:22.729 ServerApp] 302 GET / (175.118.53.87) 0.44ms
[W 2025-03-04 10:39:28.809 LabApp] Could not determine jupyterlab build status without nodejs
[I 2025-03-04 10:39:32.036 LabApp] 301 GET /lab/ (175.118.53.87) 0.66ms
[I 2025-03-04 10:39:32.064 ServerApp] Saving file at /EB/etc_classfied.ipynb
[I 2025-03-04 10:39:32.126 ServerApp] Starting buffering for 7ac27eda-911f-485c-a2eb-3143c19cf187:b33bc083c1b749a7a1905fe17e8b1224
[W 2025-03-04 10:39:36.898 LabApp] Could not determine jupyterlab build status without nodejs
[W 2025-03-04 10:39:37.939 ServerApp] 404 GET /api/contents/git/noise-data-platform/EB/LightGBM_ODD_mfcc50.ipynb?content=0&1741052378504 (175.118.53.87): No such file or directory: git/noise-data-platform/EB/LightGBM_ODD_mfcc50.ipynb
[W 2025-03-04 10:39:37.940 ServerApp] No such file or directory: git/noise-data-platform/EB/LightGBM_ODD_mfcc50.ipynb
[W 2025-03-04 10:39:37.941 ServerApp] 404 GET /api/contents/git/noise-data-platform/EB/LightGBM_ODD_mfcc50.ipynb?content=0&1741052378504 (175.118.53.87) 2.03ms referer=http://15.168.145.74:8905/lab
[W 2025-03-04 10:39:37.943 ServerApp] 404 GET /api/contents/git/noise-data-platform/EB/CNN_model.ipynb?content=0&1741052378504 (175.118.53.87): No such file or directory: git/noise-data-platform/EB/CNN_model.ipynb
[W 2025-03-04 10:39:37.943 ServerApp] No such file or directory: git/noise-data-platform/EB/CNN_model.ipynb
[W 2025-03-04 10:39:37.943 ServerApp] 404 GET /api/contents/git/noise-data-platform/EB/CNN_model.ipynb?content=0&1741052378504 (175.118.53.87) 1.35ms referer=http://15.168.145.74:8905/lab
[W 2025-03-04 10:39:37.943 ServerApp] 404 GET /api/contents/git/noise-data-platform/EB/RandomForest_GBDT.ipynb?content=0&1741052378505 (175.118.53.87): No such file or directory: git/noise-data-platform/EB/RandomForest_GBDT.ipynb
[W 2025-03-04 10:39:37.944 ServerApp] No such file or directory: git/noise-data-platform/EB/RandomForest_GBDT.ipynb
[W 2025-03-04 10:39:37.944 ServerApp] 404 GET /api/contents/git/noise-data-platform/EB/RandomForest_GBDT.ipynb?content=0&1741052378505 (175.118.53.87) 1.79ms referer=http://15.168.145.74:8905/lab
[W 2025-03-04 10:39:38.865 ServerApp] 404 GET /api/contents/git/noise-data-platform/EB?1741052379454 (175.118.53.87): No such file or directory: git/noise-data-platform/EB
[W 2025-03-04 10:39:38.865 ServerApp] No such file or directory: git/noise-data-platform/EB
[W 2025-03-04 10:39:38.866 ServerApp] 404 GET /api/contents/git/noise-data-platform/EB?1741052379454 (175.118.53.87) 0.98ms referer=http://15.168.145.74:8905/lab
[W 2025-03-04 10:39:48.816 ServerApp] Notebook EB/etc_classfied.ipynb is not trusted
[IPKernelApp] ERROR | No such comm target registered: jupyter.widget.control
[IPKernelApp] WARNING | No such comm: 14a34085-12ec-4d56-93fa-f955887d9c56
[I 2025-03-04 10:40:04.241 ServerApp] Kernel restarted: 7ac27eda-911f-485c-a2eb-3143c19cf187
[I 2025-03-04 10:40:04.272 ServerApp] Starting buffering for 7ac27eda-911f-485c-a2eb-3143c19cf187:434cac8a-2639-44de-a9c8-d1a5e413142e
[I 2025-03-04 10:40:04.315 ServerApp] Restoring connection for 7ac27eda-911f-485c-a2eb-3143c19cf187:434cac8a-2639-44de-a9c8-d1a5e413142e
[IPKernelApp] ERROR | No such comm target registered: jupyter.widget.control
[IPKernelApp] WARNING | No such comm: 143a9a67-e39a-44cc-a4c1-5c66bcb577e6
[I 2025-03-04 10:41:49.392 ServerApp] Saving file at /EB/etc_classfied.ipynb
[I 2025-03-04 10:43:11.035 ServerApp] Starting buffering for 7ac27eda-911f-485c-a2eb-3143c19cf187:434cac8a-2639-44de-a9c8-d1a5e413142e
[W 2025-03-04 10:43:15.372 LabApp] Could not determine jupyterlab build status without nodejs
[IPKernelApp] ERROR | No such comm target registered: jupyter.widget.control
[IPKernelApp] WARNING | No such comm: 292a7f80-33ef-4061-baa8-e177bf15973c
[I 2025-03-04 10:44:24.727 ServerApp] Kernel shutdown: 87dd6799-61dc-4ec6-bcd7-846704b7677e
[W 2025-03-04 10:44:25.119 ServerApp] delete /EB/Untitled1.ipynb
[IPKernelApp] ERROR | No such comm target registered: jupyter.widget.control
[IPKernelApp] WARNING | No such comm: f15c9385-a488-4a5d-bee1-03ac65741184
[I 2025-03-04 10:44:29.365 ServerApp] Kernel shutdown: 2bacb677-3f7a-42f2-b1fa-330601233dde
[W 2025-03-04 10:44:29.871 ServerApp] delete /EB/Untitled.ipynb
[I 2025-03-04 10:45:16.509 ServerApp] Saving file at /EB/etc_classfied.ipynb
[I 2025-03-04 10:47:16.738 ServerApp] Saving file at /EB/etc_classfied.ipynb
[I 2025-03-04 10:49:16.827 ServerApp] Saving file at /EB/etc_classfied.ipynb
[I 2025-03-04 10:51:16.945 ServerApp] Saving file at /EB/etc_classfied.ipynb
[I 2025-03-04 10:52:30.235 ServerApp] Kernel restarted: 7ac27eda-911f-485c-a2eb-3143c19cf187
[IPKernelApp] ERROR | No such comm target registered: jupyter.widget.control
[IPKernelApp] WARNING | No such comm: 4e484236-3db3-4d4d-b2bf-caf7f7b2b9f4
[I 2025-03-04 10:53:17.093 ServerApp] Saving file at /EB/etc_classfied.ipynb
[I 2025-03-04 10:53:33.550 ServerApp] Saving file at /EB/etc_classfied.ipynb
[I 2025-03-04 10:53:40.769 ServerApp] Starting buffering for 7ac27eda-911f-485c-a2eb-3143c19cf187:1fb6f077-4811-4614-be11-a460bd7d19b2
[W 2025-03-04 10:53:44.933 LabApp] Could not determine jupyterlab build status without nodejs
[I 2025-03-04 10:53:46.899 ServerApp] Discarding 34 buffered messages for 7ac27eda-911f-485c-a2eb-3143c19cf187:1fb6f077-4811-4614-be11-a460bd7d19b2
[I 2025-03-04 10:56:42.097 ServerApp] Saving file at /EB/etc_classfied.ipynb
[I 2025-03-04 10:56:59.729 ServerApp] Kernel interrupted: 7ac27eda-911f-485c-a2eb-3143c19cf187
[IPKernelApp] ERROR | No such comm target registered: jupyter.widget.control
[IPKernelApp] WARNING | No such comm: ae1ec586-910a-403e-a6a7-3e0b0bbf4832
[I 2025-03-04 10:58:42.243 ServerApp] Saving file at /EB/etc_classfied.ipynb
[I 2025-03-04 11:00:42.404 ServerApp] Saving file at /EB/etc_classfied.ipynb
[I 2025-03-04 11:02:42.558 ServerApp] Saving file at /EB/etc_classfied.ipynb
[I 2025-03-04 11:04:42.648 ServerApp] Saving file at /EB/etc_classfied.ipynb
[I 2025-03-04 11:05:24.127 ServerApp] Starting buffering for 7ac27eda-911f-485c-a2eb-3143c19cf187:06afc921-e529-4d70-8e23-e1b921fed839
[W 2025-03-04 11:05:27.889 LabApp] Could not determine jupyterlab build status without nodejs
[IPKernelApp] ERROR | No such comm target registered: jupyter.widget.control
[IPKernelApp] WARNING | No such comm: df6f23ab-852f-4db8-b230-5b53209e5dc4
[I 2025-03-04 11:06:27.252 ServerApp] Saving file at /EB/etc_classfied.ipynb
[I 2025-03-04 11:08:13.317 ServerApp] Saving file at /EB/etc_classfied.ipynb
[I 2025-03-04 11:14:13.563 ServerApp] Saving file at /EB/etc_classfied.ipynb
[I 2025-03-04 11:16:13.734 ServerApp] Saving file at /EB/etc_classfied.ipynb
[I 2025-03-04 11:18:13.855 ServerApp] Saving file at /EB/etc_classfied.ipynb
[I 2025-03-04 11:19:36.576 ServerApp] Kernel interrupted: 7ac27eda-911f-485c-a2eb-3143c19cf187
[I 2025-03-04 11:19:40.719 ServerApp] Kernel interrupted: 7ac27eda-911f-485c-a2eb-3143c19cf187
[I 2025-03-04 11:19:41.375 ServerApp] Kernel interrupted: 7ac27eda-911f-485c-a2eb-3143c19cf187
[I 2025-03-04 11:19:41.783 ServerApp] Kernel interrupted: 7ac27eda-911f-485c-a2eb-3143c19cf187
[I 2025-03-04 11:19:52.585 ServerApp] Kernel restarted: 7ac27eda-911f-485c-a2eb-3143c19cf187
[I 2025-03-04 11:19:52.625 ServerApp] Starting buffering for 7ac27eda-911f-485c-a2eb-3143c19cf187:6024a856-d7b2-470e-98f2-980fd1ceaa7e
[I 2025-03-04 11:19:52.658 ServerApp] Restoring connection for 7ac27eda-911f-485c-a2eb-3143c19cf187:6024a856-d7b2-470e-98f2-980fd1ceaa7e
[IPKernelApp] ERROR | No such comm target registered: jupyter.widget.control
[IPKernelApp] WARNING | No such comm: 6d019daf-5c15-4ef6-b2e4-596aa07a8e7a
[I 2025-03-04 11:20:13.970 ServerApp] Saving file at /EB/etc_classfied.ipynb
[I 2025-03-04 11:22:14.086 ServerApp] Saving file at /EB/etc_classfied.ipynb
[W 2025-03-04 11:22:23.103 ServerApp] 404 GET /static/lab/main.ce65c51d51a2cd5ddc83.js.map?v=ce65c51d51a2cd5ddc83 (175.118.53.87) 21.09ms referer=None
[W 2025-03-04 11:22:23.106 ServerApp] 404 GET /static/lab/6700.9bfbe77418dd01d623dd.js.map?v=9bfbe77418dd01d623dd (175.118.53.87) 1.41ms referer=None
[W 2025-03-04 11:22:23.107 ServerApp] 404 GET /static/lab/4155.784ca1752696680bf373.js.map?v=784ca1752696680bf373 (175.118.53.87) 2.25ms referer=None
[W 2025-03-04 11:22:23.109 ServerApp] 404 GET /static/lab/1036.b407e23ec5843f2b574d.js.map?v=b407e23ec5843f2b574d (175.118.53.87) 0.94ms referer=None
[W 2025-03-04 11:22:23.110 ServerApp] 404 GET /static/lab/1033.890eeae47460e241b1e9.js.map?v=890eeae47460e241b1e9 (175.118.53.87) 0.93ms referer=None
[W 2025-03-04 11:22:23.121 ServerApp] 404 GET /static/lab/9473.ac8fe4affa17f1afc14f.js.map?v=ac8fe4affa17f1afc14f (175.118.53.87) 0.92ms referer=None
[W 2025-03-04 11:22:23.135 ServerApp] 404 GET /static/lab/7294.f71c2889fedcd71bd1ee.js.map?v=f71c2889fedcd71bd1ee (175.118.53.87) 0.93ms referer=None
[W 2025-03-04 11:22:23.137 ServerApp] 404 GET /static/lab/2719.e5ff90bc0606db87408f.js.map?v=e5ff90bc0606db87408f (175.118.53.87) 0.90ms referer=None
[W 2025-03-04 11:22:23.140 ServerApp] 404 GET /static/lab/4570.53adcb6f69939da383ff.js.map?v=53adcb6f69939da383ff (175.118.53.87) 0.91ms referer=None
[W 2025-03-04 11:22:23.143 ServerApp] 404 GET /static/lab/3935.4159b022aa6d82e44127.js.map?v=4159b022aa6d82e44127 (175.118.53.87) 0.91ms referer=None
[W 2025-03-04 11:22:23.145 ServerApp] 404 GET /static/lab/7084.cb32d668824e9890dbcb.js.map?v=cb32d668824e9890dbcb (175.118.53.87) 0.92ms referer=None
[W 2025-03-04 11:22:23.161 ServerApp] 404 GET /static/lab/7755.d506a1d9dadf30b1e490.js.map?v=d506a1d9dadf30b1e490 (175.118.53.87) 0.92ms referer=None
[W 2025-03-04 11:22:23.162 ServerApp] 404 GET /static/lab/9761.6a67038eeb08bd3f3592.js.map?v=6a67038eeb08bd3f3592 (175.118.53.87) 0.93ms referer=None
[W 2025-03-04 11:22:23.164 ServerApp] 404 GET /static/lab/1057.a0608544097dd22a589e.js.map?v=a0608544097dd22a589e (175.118.53.87) 0.90ms referer=None
[W 2025-03-04 11:22:23.175 ServerApp] 404 GET /static/lab/4631.96a143e70f005fef7b59.js.map?v=96a143e70f005fef7b59 (175.118.53.87) 0.91ms referer=None
[W 2025-03-04 11:22:23.184 ServerApp] 404 GET /static/lab/6080.39703b8cc7bd284ce1bd.js.map?v=39703b8cc7bd284ce1bd (175.118.53.87) 0.91ms referer=None
[W 2025-03-04 11:22:23.185 ServerApp] 404 GET /static/lab/3029.8636761a48c8422ce37f.js.map?v=8636761a48c8422ce37f (175.118.53.87) 0.90ms referer=None
[W 2025-03-04 11:22:23.188 ServerApp] 404 GET /static/lab/7024.d34685e24309d0433be4.js.map?v=d34685e24309d0433be4 (175.118.53.87) 0.91ms referer=None
[W 2025-03-04 11:22:23.189 ServerApp] 404 GET /static/lab/3502.c915d993b864739407e3.js.map?v=c915d993b864739407e3 (175.118.53.87) 0.90ms referer=None
[W 2025-03-04 11:22:23.210 ServerApp] 404 GET /static/lab/4151.fd7ca59b64f0adc97032.js.map?v=fd7ca59b64f0adc97032 (175.118.53.87) 0.94ms referer=None
[W 2025-03-04 11:22:23.225 ServerApp] 404 GET /static/lab/911.0c08f040896753efc653.js.map?v=0c08f040896753efc653 (175.118.53.87) 0.93ms referer=None
[W 2025-03-04 11:22:23.226 ServerApp] 404 GET /static/lab/807.6a2e483efa76751dbb1a.js.map?v=6a2e483efa76751dbb1a (175.118.53.87) 0.95ms referer=None
[W 2025-03-04 11:22:23.231 ServerApp] 404 GET /static/lab/1902.cebcb09d0dbbb83ac5d2.js.map?v=cebcb09d0dbbb83ac5d2 (175.118.53.87) 0.91ms referer=None
[W 2025-03-04 11:22:23.232 ServerApp] 404 GET /static/lab/4429.c4f083ef6b6e29345fd4.js.map?v=c4f083ef6b6e29345fd4 (175.118.53.87) 0.94ms referer=None
[W 2025-03-04 11:22:23.233 ServerApp] 404 GET /static/lab/126.1e2fb998804b27c72a3e.js.map?v=1e2fb998804b27c72a3e (175.118.53.87) 0.90ms referer=None
[W 2025-03-04 11:22:23.247 ServerApp] 404 GET /static/lab/7796.d14a6b95952677ce19d5.js.map?v=d14a6b95952677ce19d5 (175.118.53.87) 0.90ms referer=None
[W 2025-03-04 11:22:23.262 ServerApp] 404 GET /static/lab/3496.ecb0e7fcc54191234ae6.js.map?v=ecb0e7fcc54191234ae6 (175.118.53.87) 0.93ms referer=None
[W 2025-03-04 11:22:23.264 ServerApp] 404 GET /static/lab/1358.9ab4f57e8227ce75f427.js.map?v=9ab4f57e8227ce75f427 (175.118.53.87) 0.90ms referer=None
[W 2025-03-04 11:22:23.273 ServerApp] 404 GET /static/lab/1249.39ca2df011ac8354b8d2.js.map?v=39ca2df011ac8354b8d2 (175.118.53.87) 0.91ms referer=None
[W 2025-03-04 11:22:23.274 ServerApp] 404 GET /static/lab/714.d38baae8faccca175d4b.js.map?v=d38baae8faccca175d4b (175.118.53.87) 0.96ms referer=None
[W 2025-03-04 11:22:23.276 ServerApp] 404 GET /static/lab/jlab_core.0adf13f7678b3af0da97.js.map?v=0adf13f7678b3af0da97 (175.118.53.87) 0.90ms referer=None
[I 2025-03-04 11:23:22.188 ServerApp] Kernel restarted: 7ac27eda-911f-485c-a2eb-3143c19cf187
[I 2025-03-04 11:23:22.219 ServerApp] Starting buffering for 7ac27eda-911f-485c-a2eb-3143c19cf187:6024a856-d7b2-470e-98f2-980fd1ceaa7e
[I 2025-03-04 11:23:22.246 ServerApp] Restoring connection for 7ac27eda-911f-485c-a2eb-3143c19cf187:6024a856-d7b2-470e-98f2-980fd1ceaa7e
[IPKernelApp] ERROR | No such comm target registered: jupyter.widget.control
[IPKernelApp] WARNING | No such comm: 6379a8af-434c-45f1-93c0-a727538c3b86
[I 2025-03-04 11:24:14.207 ServerApp] Saving file at /EB/etc_classfied.ipynb
[W 2025-03-04 11:25:07.877 ServerApp] delete /EB/전체.csv
[I 2025-03-04 11:26:14.320 ServerApp] Saving file at /EB/etc_classfied.ipynb
[I 2025-03-04 11:30:14.435 ServerApp] Saving file at /EB/etc_classfied.ipynb
[I 2025-03-04 11:32:14.591 ServerApp] Saving file at /EB/etc_classfied.ipynb
[I 2025-03-04 11:34:14.990 ServerApp] Saving file at /EB/etc_classfied.ipynb
[I 2025-03-04 11:35:11.113 ServerApp] Saving file at /EB/etc_classfied.ipynb
[I 2025-03-04 11:35:13.321 ServerApp] Saving file at /EB/etc_classfied.ipynb
2025-03-04 11:36:55.879636: I tensorflow/stream_executor/cuda/cuda_gpu_executor.cc:937] successful NUMA node read from SysFS had negative value (-1), but there must be at least one NUMA node, so returning NUMA node zero
2025-03-04 11:36:55.914073: I tensorflow/stream_executor/cuda/cuda_gpu_executor.cc:937] successful NUMA node read from SysFS had negative value (-1), but there must be at least one NUMA node, so returning NUMA node zero
2025-03-04 11:36:55.915633: I tensorflow/stream_executor/cuda/cuda_gpu_executor.cc:937] successful NUMA node read from SysFS had negative value (-1), but there must be at least one NUMA node, so returning NUMA node zero
2025-03-04 11:36:55.917340: I tensorflow/core/platform/cpu_feature_guard.cc:142] This TensorFlow binary is optimized with oneAPI Deep Neural Network Library (oneDNN) to use the following CPU instructions in performance-critical operations:  AVX2 AVX512F FMA
To enable them in other operations, rebuild TensorFlow with the appropriate compiler flags.
2025-03-04 11:36:55.917708: I tensorflow/stream_executor/cuda/cuda_gpu_executor.cc:937] successful NUMA node read from SysFS had negative value (-1), but there must be at least one NUMA node, so returning NUMA node zero
2025-03-04 11:36:55.919205: I tensorflow/stream_executor/cuda/cuda_gpu_executor.cc:937] successful NUMA node read from SysFS had negative value (-1), but there must be at least one NUMA node, so returning NUMA node zero
2025-03-04 11:36:55.920662: I tensorflow/stream_executor/cuda/cuda_gpu_executor.cc:937] successful NUMA node read from SysFS had negative value (-1), but there must be at least one NUMA node, so returning NUMA node zero
2025-03-04 11:36:57.672542: I tensorflow/stream_executor/cuda/cuda_gpu_executor.cc:937] successful NUMA node read from SysFS had negative value (-1), but there must be at least one NUMA node, so returning NUMA node zero
2025-03-04 11:36:57.674189: I tensorflow/stream_executor/cuda/cuda_gpu_executor.cc:937] successful NUMA node read from SysFS had negative value (-1), but there must be at least one NUMA node, so returning NUMA node zero
2025-03-04 11:36:57.675517: I tensorflow/stream_executor/cuda/cuda_gpu_executor.cc:937] successful NUMA node read from SysFS had negative value (-1), but there must be at least one NUMA node, so returning NUMA node zero
2025-03-04 11:36:57.677299: I tensorflow/core/common_runtime/gpu/gpu_device.cc:1510] Created device /job:localhost/replica:0/task:0/device:GPU:0 with 13325 MB memory:  -> device: 0, name: Tesla T4, pci bus id: 0000:00:1e.0, compute capability: 7.5
2025-03-04 11:36:58.127648: I tensorflow/compiler/mlir/mlir_graph_optimization_pass.cc:185] None of the MLIR Optimization Passes are enabled (registered 2)
2025-03-04 11:36:59.675062: E tensorflow/stream_executor/cuda/cuda_dnn.cc:362] Loaded runtime CuDNN library: 8.0.5 but source was compiled with: 8.1.0.  CuDNN library needs to have matching major version and equal or higher minor version. If using a binary install, upgrade your CuDNN library.  If building from sources, make sure the library loaded at runtime is compatible with the version specified during compile configuration.
2025-03-04 11:36:59.679597: E tensorflow/stream_executor/cuda/cuda_dnn.cc:362] Loaded runtime CuDNN library: 8.0.5 but source was compiled with: 8.1.0.  CuDNN library needs to have matching major version and equal or higher minor version. If using a binary install, upgrade your CuDNN library.  If building from sources, make sure the library loaded at runtime is compatible with the version specified during compile configuration.
[I 2025-03-04 11:37:13.447 ServerApp] Saving file at /EB/etc_classfied.ipynb
[I 2025-03-04 11:37:41.196 ServerApp] Kernel started: 8a56006a-0a73-492e-8f6c-d7228d56d883
2025-03-04 11:38:13.519341: E tensorflow/stream_executor/cuda/cuda_dnn.cc:362] Loaded runtime CuDNN library: 8.0.5 but source was compiled with: 8.1.0.  CuDNN library needs to have matching major version and equal or higher minor version. If using a binary install, upgrade your CuDNN library.  If building from sources, make sure the library loaded at runtime is compatible with the version specified during compile configuration.
2025-03-04 11:38:13.523694: E tensorflow/stream_executor/cuda/cuda_dnn.cc:362] Loaded runtime CuDNN library: 8.0.5 but source was compiled with: 8.1.0.  CuDNN library needs to have matching major version and equal or higher minor version. If using a binary install, upgrade your CuDNN library.  If building from sources, make sure the library loaded at runtime is compatible with the version specified during compile configuration.
[I 2025-03-04 11:39:09.198 ServerApp] Kernel restarted: 7ac27eda-911f-485c-a2eb-3143c19cf187
[I 2025-03-04 11:39:09.261 ServerApp] Starting buffering for 7ac27eda-911f-485c-a2eb-3143c19cf187:6024a856-d7b2-470e-98f2-980fd1ceaa7e
[I 2025-03-04 11:39:09.315 ServerApp] Restoring connection for 7ac27eda-911f-485c-a2eb-3143c19cf187:6024a856-d7b2-470e-98f2-980fd1ceaa7e
2025-03-04 11:39:11.712570: I tensorflow/stream_executor/cuda/cuda_gpu_executor.cc:937] successful NUMA node read from SysFS had negative value (-1), but there must be at least one NUMA node, so returning NUMA node zero
2025-03-04 11:39:11.721994: I tensorflow/stream_executor/cuda/cuda_gpu_executor.cc:937] successful NUMA node read from SysFS had negative value (-1), but there must be at least one NUMA node, so returning NUMA node zero
2025-03-04 11:39:11.723489: I tensorflow/stream_executor/cuda/cuda_gpu_executor.cc:937] successful NUMA node read from SysFS had negative value (-1), but there must be at least one NUMA node, so returning NUMA node zero
[IPKernelApp] ERROR | No such comm target registered: jupyter.widget.control
[IPKernelApp] WARNING | No such comm: 00a15318-6eac-4e72-8164-5fe4613aff11
[I 2025-03-04 11:39:13.567 ServerApp] Saving file at /EB/etc_classfied.ipynb
2025-03-04 11:39:17.313835: I tensorflow/core/platform/cpu_feature_guard.cc:142] This TensorFlow binary is optimized with oneAPI Deep Neural Network Library (oneDNN) to use the following CPU instructions in performance-critical operations:  AVX2 AVX512F FMA
To enable them in other operations, rebuild TensorFlow with the appropriate compiler flags.
2025-03-04 11:39:17.436697: I tensorflow/compiler/mlir/mlir_graph_optimization_pass.cc:185] None of the MLIR Optimization Passes are enabled (registered 2)
[I 2025-03-04 11:39:40.047 ServerApp] Saving file at /EB/CNN_model.ipynb
[I 2025-03-04 11:41:13.673 ServerApp] Saving file at /EB/etc_classfied.ipynb
[I 2025-03-04 11:43:13.792 ServerApp] Saving file at /EB/etc_classfied.ipynb
[I 2025-03-04 11:45:13.915 ServerApp] Saving file at /EB/etc_classfied.ipynb
[I 2025-03-04 11:47:14.201 ServerApp] Saving file at /EB/etc_classfied.ipynb
[I 2025-03-04 11:49:14.335 ServerApp] Saving file at /EB/etc_classfied.ipynb
[I 2025-03-04 11:51:14.446 ServerApp] Saving file at /EB/etc_classfied.ipynb
[I 2025-03-04 11:53:14.594 ServerApp] Saving file at /EB/etc_classfied.ipynb
[I 2025-03-04 11:54:24.093 ServerApp] Kernel restarted: 7ac27eda-911f-485c-a2eb-3143c19cf187
[I 2025-03-04 11:54:24.128 ServerApp] Starting buffering for 7ac27eda-911f-485c-a2eb-3143c19cf187:6024a856-d7b2-470e-98f2-980fd1ceaa7e
[I 2025-03-04 11:54:24.163 ServerApp] Restoring connection for 7ac27eda-911f-485c-a2eb-3143c19cf187:6024a856-d7b2-470e-98f2-980fd1ceaa7e
[IPKernelApp] ERROR | No such comm target registered: jupyter.widget.control
[IPKernelApp] WARNING | No such comm: 8bda20d6-a79e-41c2-8883-e3ead383d316
[I 2025-03-04 11:55:14.753 ServerApp] Saving file at /EB/etc_classfied.ipynb
[I 2025-03-04 11:57:14.872 ServerApp] Saving file at /EB/etc_classfied.ipynb
[I 2025-03-04 11:59:15.061 ServerApp] Saving file at /EB/etc_classfied.ipynb
[I 2025-03-04 12:01:15.233 ServerApp] Saving file at /EB/etc_classfied.ipynb
2025-03-04 12:02:31.439566: I tensorflow/stream_executor/cuda/cuda_gpu_executor.cc:937] successful NUMA node read from SysFS had negative value (-1), but there must be at least one NUMA node, so returning NUMA node zero
2025-03-04 12:02:31.447827: I tensorflow/stream_executor/cuda/cuda_gpu_executor.cc:937] successful NUMA node read from SysFS had negative value (-1), but there must be at least one NUMA node, so returning NUMA node zero
2025-03-04 12:02:31.449333: I tensorflow/stream_executor/cuda/cuda_gpu_executor.cc:937] successful NUMA node read from SysFS had negative value (-1), but there must be at least one NUMA node, so returning NUMA node zero
[I 2025-03-04 12:03:15.432 ServerApp] Saving file at /EB/etc_classfied.ipynb
2025-03-04 13:19:06.092374: I tensorflow/core/platform/cpu_feature_guard.cc:142] This TensorFlow binary is optimized with oneAPI Deep Neural Network Library (oneDNN) to use the following CPU instructions in performance-critical operations:  AVX2 AVX512F FMA
To enable them in other operations, rebuild TensorFlow with the appropriate compiler flags.
2025-03-04 13:19:06.201661: I tensorflow/compiler/mlir/mlir_graph_optimization_pass.cc:185] None of the MLIR Optimization Passes are enabled (registered 2)
[I 2025-03-04 13:19:30.782 ServerApp] Saving file at /EB/etc_classfied.ipynb
[I 2025-03-04 13:21:32.069 ServerApp] Saving file at /EB/etc_classfied.ipynb
[I 2025-03-04 13:23:32.230 ServerApp] Saving file at /EB/etc_classfied.ipynb
[I 2025-03-04 13:25:32.434 ServerApp] Saving file at /EB/etc_classfied.ipynb
[I 2025-03-04 13:27:32.659 ServerApp] Saving file at /EB/etc_classfied.ipynb
[I 2025-03-04 13:29:32.898 ServerApp] Saving file at /EB/etc_classfied.ipynb
[I 2025-03-04 13:31:33.116 ServerApp] Saving file at /EB/etc_classfied.ipynb
[I 2025-03-04 13:34:59.149 LabApp] 302 GET /lab/tree/EB/etc_classfied.ipynb (3.83.223.78) 0.62ms
[W 2025-03-04 13:35:07.424 LabApp] Could not determine jupyterlab build status without nodejs
[W 2025-03-04 13:35:08.134 ServerApp] Clearing invalid/expired login cookie username-15-168-145-74-8905
[W 2025-03-04 13:35:08.134 LabApp] Clearing invalid/expired login cookie username-15-168-145-74-8905
[I 2025-03-04 13:35:08.134 LabApp] 302 GET /lab/tree/EB/etc_classfied.ipynb (211.231.29.166) 1.06ms
[IPKernelApp] ERROR | No such comm target registered: jupyter.widget.control
[IPKernelApp] WARNING | No such comm: d62290e0-0ff4-4bc3-a45b-a668498c6501
[I 2025-03-04 13:35:13.622 ServerApp] 302 POST /login?next=%2Flab%2Ftree%2FEB%2Fetc_classfied.ipynb (211.231.29.166) 49.78ms
[W 2025-03-04 13:35:21.279 LabApp] Could not determine jupyterlab build status without nodejs
[IPKernelApp] ERROR | No such comm target registered: jupyter.widget.control
[IPKernelApp] WARNING | No such comm: ea2ff16a-9959-4ca8-beab-bf7d81493cfc
[I 2025-03-04 14:19:58.871 ServerApp] Saving file at /EB/etc_classfied.ipynb
[I 2025-03-04 14:25:10.331 ServerApp] Creating new file in /EB
[W 2025-03-04 14:25:37.705 ServerApp] 400 GET /api/contents/EB/etc_classified_CNN.ipynb?type=notebook&content=1&1741065938392 (175.118.53.87): Unreadable Notebook: /home/lab05/git/noise-data-platform/EB/etc_classified_CNN.ipynb NotJSONError("Notebook does not appear to be JSON: ''...",)
[W 2025-03-04 14:25:37.705 ServerApp] Unreadable Notebook: /home/lab05/git/noise-data-platform/EB/etc_classified_CNN.ipynb NotJSONError("Notebook does not appear to be JSON: ''...",)
[W 2025-03-04 14:25:37.705 ServerApp] 400 GET /api/contents/EB/etc_classified_CNN.ipynb?type=notebook&content=1&1741065938392 (175.118.53.87) 1.40ms referer=http://15.168.145.74:8905/lab/tree/EB/etc_classfied_LightBGM_CNN.ipynb
[W 2025-03-04 14:25:47.697 ServerApp] 400 GET /api/contents/EB/etc_classified_CNN.ipynb?type=notebook&content=1&1741065948385 (175.118.53.87): Unreadable Notebook: /home/lab05/git/noise-data-platform/EB/etc_classified_CNN.ipynb NotJSONError("Notebook does not appear to be JSON: ''...",)
[W 2025-03-04 14:25:47.697 ServerApp] Unreadable Notebook: /home/lab05/git/noise-data-platform/EB/etc_classified_CNN.ipynb NotJSONError("Notebook does not appear to be JSON: ''...",)
[W 2025-03-04 14:25:47.698 ServerApp] 400 GET /api/contents/EB/etc_classified_CNN.ipynb?type=notebook&content=1&1741065948385 (175.118.53.87) 1.36ms referer=http://15.168.145.74:8905/lab/tree/EB/etc_classfied_LightBGM_CNN.ipynb
[W 2025-03-04 14:25:51.596 ServerApp] 400 GET /api/contents/EB/etc_classified_CNN.ipynb?type=notebook&content=1&1741065952285 (175.118.53.87): Unreadable Notebook: /home/lab05/git/noise-data-platform/EB/etc_classified_CNN.ipynb NotJSONError("Notebook does not appear to be JSON: ''...",)
[W 2025-03-04 14:25:51.597 ServerApp] Unreadable Notebook: /home/lab05/git/noise-data-platform/EB/etc_classified_CNN.ipynb NotJSONError("Notebook does not appear to be JSON: ''...",)
[W 2025-03-04 14:25:51.597 ServerApp] 400 GET /api/contents/EB/etc_classified_CNN.ipynb?type=notebook&content=1&1741065952285 (175.118.53.87) 1.35ms referer=http://15.168.145.74:8905/lab/tree/EB/etc_classfied_LightBGM_CNN.ipynb
[W 2025-03-04 14:26:00.749 ServerApp] delete /EB/etc_classified_CNN.ipynb
[I 2025-03-04 14:26:21.016 ServerApp] Copying EB/etc_classfied_test.ipynb to /EB
[I 2025-03-04 14:26:46.148 ServerApp] Kernel started: b39d150c-9ae5-47e3-895c-c8723f70260a
[IPKernelApp] ERROR | No such comm target registered: jupyter.widget.control
[IPKernelApp] WARNING | No such comm: 3f6c1554-f38b-45c8-8575-8a6db4435206
[IPKernelApp] ERROR | No such comm target registered: jupyter.widget.control
[IPKernelApp] WARNING | No such comm: 31f5b14c-574a-4271-9ae4-1c92d165a0e9
2025-03-04 14:28:28.471920: I tensorflow/stream_executor/cuda/cuda_gpu_executor.cc:937] successful NUMA node read from SysFS had negative value (-1), but there must be at least one NUMA node, so returning NUMA node zero
2025-03-04 14:28:28.481867: I tensorflow/stream_executor/cuda/cuda_gpu_executor.cc:937] successful NUMA node read from SysFS had negative value (-1), but there must be at least one NUMA node, so returning NUMA node zero
2025-03-04 14:28:28.483361: I tensorflow/stream_executor/cuda/cuda_gpu_executor.cc:937] successful NUMA node read from SysFS had negative value (-1), but there must be at least one NUMA node, so returning NUMA node zero
[I 2025-03-04 14:28:44.837 ServerApp] Saving file at /EB/etc_classfied_CNN.ipynb
[I 2025-03-04 14:30:45.086 ServerApp] Saving file at /EB/etc_classfied_CNN.ipynb
[I 2025-03-04 14:32:45.228 ServerApp] Saving file at /EB/etc_classfied_CNN.ipynb
2025-03-04 14:33:12.105988: I tensorflow/core/platform/cpu_feature_guard.cc:142] This TensorFlow binary is optimized with oneAPI Deep Neural Network Library (oneDNN) to use the following CPU instructions in performance-critical operations:  AVX2 AVX512F FMA
To enable them in other operations, rebuild TensorFlow with the appropriate compiler flags.
2025-03-04 14:33:14.963787: I tensorflow/compiler/mlir/mlir_graph_optimization_pass.cc:185] None of the MLIR Optimization Passes are enabled (registered 2)
[I 2025-03-04 14:34:45.807 ServerApp] Saving file at /EB/etc_classfied_CNN.ipynb
[I 2025-03-04 14:36:45.946 ServerApp] Saving file at /EB/etc_classfied_CNN.ipynb
[I 2025-03-04 14:37:11.577 ServerApp] Saving file at /EB/etc_classfied_test.ipynb
[W 2025-03-04 14:38:17.332 ServerApp] delete /EB/비행기분류.csv
[W 2025-03-04 14:38:17.334 ServerApp] delete /EB/비행기분류_CNN.csv
[W 2025-03-04 14:38:17.337 ServerApp] delete /EB/자동차사이렌_CNN.csv
[W 2025-03-04 14:38:17.340 ServerApp] delete /EB/차량경적.csv
[W 2025-03-04 14:38:17.342 ServerApp] delete /EB/차량경적_CNN.csv
[W 2025-03-04 14:38:17.345 ServerApp] delete /EB/헬리콥터.csv
[W 2025-03-04 14:38:17.802 ServerApp] delete /EB/car_siren2.csv
[W 2025-03-04 14:38:17.805 ServerApp] delete /EB/자동차사이렌.csv
[W 2025-03-04 14:38:17.806 ServerApp] delete /EB/청소기.csv
[W 2025-03-04 14:38:17.808 ServerApp] delete /EB/cat_CNN.csv
[W 2025-03-04 14:38:17.809 ServerApp] delete /EB/cat.csv
[I 2025-03-04 14:38:46.102 ServerApp] Saving file at /EB/etc_classfied_CNN.ipynb
[I 2025-03-04 14:39:11.711 ServerApp] Saving file at /EB/etc_classfied_test.ipynb
[I 2025-03-04 14:40:46.277 ServerApp] Saving file at /EB/etc_classfied_CNN.ipynb
[IPKernelApp] ERROR | No such comm target registered: jupyter.widget.control
[IPKernelApp] WARNING | No such comm: 58b39a10-e4d1-4109-9de0-d3fbf0db3207
[I 2025-03-04 14:42:46.413 ServerApp] Saving file at /EB/etc_classfied_CNN.ipynb
[I 2025-03-04 14:44:46.551 ServerApp] Saving file at /EB/etc_classfied_CNN.ipynb
[I 2025-03-04 14:46:46.721 ServerApp] Saving file at /EB/etc_classfied_CNN.ipynb
[I 2025-03-04 14:48:46.902 ServerApp] Saving file at /EB/etc_classfied_CNN.ipynb
[I 2025-03-04 14:50:47.020 ServerApp] Saving file at /EB/etc_classfied_CNN.ipynb
[W 2025-03-04 14:52:11.825 ServerApp] delete /EB/고양이.csv
[I 2025-03-04 14:52:47.163 ServerApp] Saving file at /EB/etc_classfied_CNN.ipynb
[I 2025-03-04 14:54:47.292 ServerApp] Saving file at /EB/etc_classfied_CNN.ipynb
[I 2025-03-04 14:56:47.536 ServerApp] Saving file at /EB/etc_classfied_CNN.ipynb
[I 2025-03-04 14:58:47.735 ServerApp] Saving file at /EB/etc_classfied_CNN.ipynb
[I 2025-03-04 15:00:47.935 ServerApp] Saving file at /EB/etc_classfied_CNN.ipynb
[I 2025-03-04 15:02:48.075 ServerApp] Saving file at /EB/etc_classfied_CNN.ipynb
[I 2025-03-04 15:04:48.230 ServerApp] Saving file at /EB/etc_classfied_CNN.ipynb
[I 2025-03-04 15:06:39.666 ServerApp] Saving file at /EB/etc_classfied_CNN.ipynb
[I 2025-03-04 15:07:55.170 ServerApp] Saving file at /EB/etc_classfied_CNN.ipynb
[I 2025-03-04 16:26:27.785 ServerApp] Starting buffering for b39d150c-9ae5-47e3-895c-c8723f70260a:0d995062-6f3b-4b11-8591-0efbf2a4de44
[I 2025-03-04 16:26:27.792 ServerApp] Starting buffering for 8a56006a-0a73-492e-8f6c-d7228d56d883:5b3402eb-535e-4de5-a49b-2be91d41ef41
[I 2025-03-04 16:27:31.451 ServerApp] 302 GET / (175.118.53.87) 0.51ms
[W 2025-03-04 16:27:35.906 LabApp] Could not determine jupyterlab build status without nodejs
[IPKernelApp] ERROR | No such comm target registered: jupyter.widget.control
[IPKernelApp] WARNING | No such comm: 61cc0901-27f3-42fc-a0d8-3e77141434bf
[IPKernelApp] ERROR | No such comm target registered: jupyter.widget.control
[IPKernelApp] WARNING | No such comm: 9d1e9138-7b17-4c16-a818-ad7396a99c99
[I 2025-03-04 16:29:38.175 ServerApp] Saving file at /EB/etc_classfied_CNN.ipynb
[I 2025-03-04 16:31:38.780 ServerApp] Saving file at /EB/etc_classfied_CNN.ipynb
[I 2025-03-04 16:33:39.784 ServerApp] Saving file at /EB/etc_classfied_CNN.ipynb
[I 2025-03-04 16:37:40.780 ServerApp] Saving file at /EB/etc_classfied_CNN.ipynb
[I 2025-03-04 16:39:41.819 ServerApp] Saving file at /EB/etc_classfied_CNN.ipynb
[I 2025-03-04 16:41:42.035 ServerApp] Saving file at /EB/etc_classfied_CNN.ipynb
[I 2025-03-04 16:47:42.801 ServerApp] Saving file at /EB/etc_classfied_CNN.ipynb
[I 2025-03-04 16:49:05.647 ServerApp] Kernel restarted: b39d150c-9ae5-47e3-895c-c8723f70260a
[I 2025-03-04 16:49:05.680 ServerApp] Starting buffering for b39d150c-9ae5-47e3-895c-c8723f70260a:b67b2e27-fc27-4b96-b9de-ccf87f704afe
[I 2025-03-04 16:49:05.714 ServerApp] Restoring connection for b39d150c-9ae5-47e3-895c-c8723f70260a:b67b2e27-fc27-4b96-b9de-ccf87f704afe
[IPKernelApp] ERROR | No such comm target registered: jupyter.widget.control
[IPKernelApp] WARNING | No such comm: e3d2b679-ed13-41fb-9836-4e03cca6678e
[I 2025-03-04 16:49:42.978 ServerApp] Saving file at /EB/etc_classfied_CNN.ipynb
2025-03-04 16:49:46.276674: I tensorflow/stream_executor/cuda/cuda_gpu_executor.cc:937] successful NUMA node read from SysFS had negative value (-1), but there must be at least one NUMA node, so returning NUMA node zero
2025-03-04 16:49:46.286409: I tensorflow/stream_executor/cuda/cuda_gpu_executor.cc:937] successful NUMA node read from SysFS had negative value (-1), but there must be at least one NUMA node, so returning NUMA node zero
2025-03-04 16:49:46.287909: I tensorflow/stream_executor/cuda/cuda_gpu_executor.cc:937] successful NUMA node read from SysFS had negative value (-1), but there must be at least one NUMA node, so returning NUMA node zero
2025-03-04 16:49:53.156114: I tensorflow/core/platform/cpu_feature_guard.cc:142] This TensorFlow binary is optimized with oneAPI Deep Neural Network Library (oneDNN) to use the following CPU instructions in performance-critical operations:  AVX2 AVX512F FMA
To enable them in other operations, rebuild TensorFlow with the appropriate compiler flags.
2025-03-04 16:49:53.539772: I tensorflow/compiler/mlir/mlir_graph_optimization_pass.cc:185] None of the MLIR Optimization Passes are enabled (registered 2)
[I 2025-03-04 16:51:43.141 ServerApp] Saving file at /EB/etc_classfied_CNN.ipynb
[I 2025-03-04 16:53:43.342 ServerApp] Saving file at /EB/etc_classfied_CNN.ipynb
[I 2025-03-04 16:55:43.515 ServerApp] Saving file at /EB/etc_classfied_CNN.ipynb
[I 2025-03-04 17:01:44.758 ServerApp] Saving file at /EB/etc_classfied_CNN.ipynb
[I 2025-03-04 17:05:44.972 ServerApp] Saving file at /EB/etc_classfied_CNN.ipynb
[I 2025-03-04 17:07:45.468 ServerApp] Saving file at /EB/etc_classfied_CNN.ipynb
[I 2025-03-04 17:09:45.860 ServerApp] Saving file at /EB/etc_classfied_CNN.ipynb
[I 2025-03-04 17:09:50.575 ServerApp] Kernel interrupted: b39d150c-9ae5-47e3-895c-c8723f70260a
[I 2025-03-04 17:10:16.911 ServerApp] Kernel restarted: b39d150c-9ae5-47e3-895c-c8723f70260a
[I 2025-03-04 17:10:16.944 ServerApp] Starting buffering for b39d150c-9ae5-47e3-895c-c8723f70260a:b67b2e27-fc27-4b96-b9de-ccf87f704afe
[I 2025-03-04 17:10:16.972 ServerApp] Restoring connection for b39d150c-9ae5-47e3-895c-c8723f70260a:b67b2e27-fc27-4b96-b9de-ccf87f704afe
[IPKernelApp] ERROR | No such comm target registered: jupyter.widget.control
[IPKernelApp] WARNING | No such comm: 139a67dc-d13e-4fc5-a2cf-c74588a689b3
2025-03-04 17:10:22.460953: I tensorflow/stream_executor/cuda/cuda_gpu_executor.cc:937] successful NUMA node read from SysFS had negative value (-1), but there must be at least one NUMA node, so returning NUMA node zero
2025-03-04 17:10:22.470962: I tensorflow/stream_executor/cuda/cuda_gpu_executor.cc:937] successful NUMA node read from SysFS had negative value (-1), but there must be at least one NUMA node, so returning NUMA node zero
2025-03-04 17:10:22.472483: I tensorflow/stream_executor/cuda/cuda_gpu_executor.cc:937] successful NUMA node read from SysFS had negative value (-1), but there must be at least one NUMA node, so returning NUMA node zero
[I 2025-03-04 17:11:46.184 ServerApp] Saving file at /EB/etc_classfied_CNN.ipynb
2025-03-04 17:12:38.036354: I tensorflow/core/platform/cpu_feature_guard.cc:142] This TensorFlow binary is optimized with oneAPI Deep Neural Network Library (oneDNN) to use the following CPU instructions in performance-critical operations:  AVX2 AVX512F FMA
To enable them in other operations, rebuild TensorFlow with the appropriate compiler flags.
2025-03-04 17:12:38.392106: I tensorflow/compiler/mlir/mlir_graph_optimization_pass.cc:185] None of the MLIR Optimization Passes are enabled (registered 2)
[I 2025-03-04 17:13:46.353 ServerApp] Saving file at /EB/etc_classfied_CNN.ipynb
[I 2025-03-04 17:15:46.643 ServerApp] Saving file at /EB/etc_classfied_CNN.ipynb
[I 2025-03-04 17:17:47.077 ServerApp] Saving file at /EB/etc_classfied_CNN.ipynb
[I 2025-03-04 17:19:47.303 ServerApp] Saving file at /EB/etc_classfied_CNN.ipynb
[I 2025-03-04 17:21:47.571 ServerApp] Saving file at /EB/etc_classfied_CNN.ipynb
[I 2025-03-04 17:29:47.883 ServerApp] Saving file at /EB/etc_classfied_CNN.ipynb
[I 2025-03-04 17:34:58.317 ServerApp] Kernel interrupted: b39d150c-9ae5-47e3-895c-c8723f70260a
[I 2025-03-04 17:35:48.435 ServerApp] Saving file at /EB/etc_classfied_CNN.ipynb
[I 2025-03-04 17:37:48.714 ServerApp] Saving file at /EB/etc_classfied_CNN.ipynb
[I 2025-03-04 17:39:48.986 ServerApp] Saving file at /EB/etc_classfied_CNN.ipynb
[I 2025-03-04 17:41:49.243 ServerApp] Saving file at /EB/etc_classfied_CNN.ipynb
[I 2025-03-04 17:43:49.488 ServerApp] Saving file at /EB/etc_classfied_CNN.ipynb
[I 2025-03-04 17:45:49.733 ServerApp] Saving file at /EB/etc_classfied_CNN.ipynb
[I 2025-03-04 17:47:50.768 ServerApp] Saving file at /EB/etc_classfied_CNN.ipynb
[I 2025-03-04 17:49:51.777 ServerApp] Saving file at /EB/etc_classfied_CNN.ipynb
[I 2025-03-04 17:51:52.757 ServerApp] Saving file at /EB/etc_classfied_CNN.ipynb
[I 2025-03-04 17:53:53.780 ServerApp] Saving file at /EB/etc_classfied_CNN.ipynb
